TN:
SF:contracts/MockERC20.sol
DA:9,24
FN:9,MockERC20.mint
FNDA:24,MockERC20.mint
DA:10,24
FNF:1
FNH:1
LF:2
LH:2
BRF:0
BRH:0
end_of_record
TN:
SF:contracts/RewardsTreasury.sol
DA:34,6
FN:34,RewardsTreasury.constructor
FNDA:6,RewardsTreasury.constructor
DA:35,6
BRDA:35,0,0,-
DA:36,6
DA:37,6
DA:38,6
DA:41,6
FN:41,RewardsTreasury.setStakingContract
FNDA:6,RewardsTreasury.setStakingContract
DA:42,6
DA:43,6
DA:46,0
FN:46,RewardsTreasury.setMinBalanceForAlert
FNDA:0,RewardsTreasury.setMinBalanceForAlert
DA:47,0
DA:48,0
DA:51,0
FN:51,RewardsTreasury.depositRewards
FNDA:0,RewardsTreasury.depositRewards
DA:52,0
BRDA:52,1,0,-
DA:53,0
DA:54,0
DA:58,0
FN:58,RewardsTreasury.sendToStaking
FNDA:0,RewardsTreasury.sendToStaking
DA:59,0
BRDA:59,2,0,-
DA:60,0
BRDA:60,3,0,-
DA:61,0
BRDA:61,4,0,-
DA:62,0
DA:63,0
DA:64,0
DA:65,0
BRDA:65,5,0,-
DA:66,0
DA:70,14
FN:70,RewardsTreasury.balanceOf
FNDA:14,RewardsTreasury.balanceOf
DA:71,14
DA:74,0
FN:74,RewardsTreasury.withdrawUnused
FNDA:0,RewardsTreasury.withdrawUnused
DA:75,0
BRDA:75,6,0,-
DA:76,0
DA:77,0
FNF:7
FNH:3
LF:30
LH:10
BRF:7
BRH:0
end_of_record
TN:
SF:contracts/Staking.sol
DA:88,6
FN:88,Staking.constructor
FNDA:6,Staking.constructor
DA:94,6
BRDA:94,0,0,-
DA:95,6
DA:96,6
DA:97,6
DA:98,6
DA:99,6
DA:100,6
DA:101,6
DA:102,6
DA:105,6
FN:105,Staking.setRewardsTreasury
FNDA:6,Staking.setRewardsTreasury
DA:106,6
DA:107,6
DA:110,7
FN:110,Staking.setSaturationBps
FNDA:7,Staking.setSaturationBps
DA:111,7
BRDA:111,1,0,-
BRDA:111,1,1,7
DA:112,7
DA:113,7
DA:116,6
FN:116,Staking.setMinSelfStake
FNDA:6,Staking.setMinSelfStake
DA:117,6
DA:118,6
DA:122,1
FN:122,Staking.getSaturationCap
FNDA:1,Staking.getSaturationCap
DA:123,1
BRDA:123,2,0,-
DA:124,1
DA:127,5
FN:127,Staking._checkSaturation
FNDA:5,Staking._checkSaturation
DA:128,5
DA:129,5
DA:130,5
DA:131,5
DA:134,0
FN:134,Staking.rewardPerToken
FNDA:0,Staking.rewardPerToken
DA:135,14
BRDA:135,3,0,6
DA:136,8
DA:137,8
DA:140,14
FN:140,Staking._syncRewardRate
FNDA:14,Staking._syncRewardRate
DA:141,14
BRDA:141,4,0,14
DA:142,14
DA:143,14
BRDA:143,5,0,6
DA:144,6
DA:145,6
DA:147,8
DA:148,8
DA:149,8
DA:150,8
DA:151,8
BRDA:151,6,0,-
DA:152,8
BRDA:152,7,0,-
DA:153,8
DA:156,1
FN:156,Staking.updateGlobalReward
FNDA:1,Staking.updateGlobalReward
DA:157,1
DA:158,1
DA:159,1
DA:163,8
FN:163,Staking.registerValidator
FNDA:8,Staking.registerValidator
DA:164,8
BRDA:164,8,0,1
DA:165,7
BRDA:165,9,0,-
DA:166,7
BRDA:166,10,0,-
DA:167,7
BRDA:167,11,0,1
DA:169,6
DA:170,6
DA:177,6
DA:179,6
DA:180,6
DA:182,6
DA:183,6
DA:186,4
FN:186,Staking.stake
FNDA:4,Staking.stake
DA:187,4
DA:188,4
BRDA:188,12,0,-
DA:189,4
BRDA:189,13,0,-
DA:190,4
BRDA:190,14,0,1
DA:192,3
DA:193,3
DA:194,3
DA:195,3
DA:196,3
DA:198,3
DA:199,3
DA:202,1
FN:202,Staking.redelegate
FNDA:1,Staking.redelegate
DA:203,1
BRDA:203,15,0,-
DA:204,1
DA:205,1
BRDA:205,16,0,-
DA:206,1
BRDA:206,17,0,-
DA:208,1
DA:209,1
BRDA:209,18,0,-
DA:210,1
BRDA:210,19,0,-
DA:212,1
DA:213,1
DA:214,1
DA:215,1
DA:217,1
DA:218,1
DA:219,1
DA:220,1
DA:222,1
DA:225,1
FN:225,Staking.unstake
FNDA:1,Staking.unstake
DA:226,1
DA:227,1
BRDA:227,20,0,-
DA:228,1
BRDA:228,21,0,-
DA:230,1
DA:231,1
DA:232,1
DA:233,1
DA:235,1
DA:236,1
DA:237,1
BRDA:237,22,0,1
DA:238,1
DA:241,1
DA:244,2
FN:244,Staking.withdraw
FNDA:2,Staking.withdraw
DA:245,2
DA:246,2
BRDA:246,23,0,-
DA:247,2
BRDA:247,24,0,1
DA:249,1
DA:250,1
DA:251,1
DA:252,1
DA:255,0
FN:255,Staking.earned
FNDA:0,Staking.earned
DA:256,0
DA:257,0
BRDA:257,25,0,-
DA:258,0
DA:259,0
DA:260,0
DA:261,0
DA:262,0
DA:265,0
FN:265,Staking.claimReward
FNDA:0,Staking.claimReward
DA:266,0
DA:267,0
BRDA:267,26,0,-
DA:269,0
DA:270,0
DA:272,0
BRDA:272,27,0,-
DA:273,0
DA:274,0
DA:275,0
BRDA:275,28,0,-
DA:276,0
DA:278,0
BRDA:278,29,0,-
DA:279,0
DA:281,0
DA:284,4
FN:284,Staking.getValidator
FNDA:4,Staking.getValidator
DA:285,4
DA:288,0
FN:288,Staking.getSaturationForValidator
FNDA:0,Staking.getSaturationForValidator
DA:289,0
DA:290,0
DA:293,0
FN:293,Staking.pause
FNDA:0,Staking.pause
DA:294,0
DA:297,0
FN:297,Staking.unpause
FNDA:0,Staking.unpause
DA:298,0
FNF:20
FNH:14
LF:141
LH:112
BRF:31
BRH:9
end_of_record
TN:
SF:contracts/ValidatorRegistry.sol
DA:24,6
FN:24,ValidatorRegistry.constructor
FNDA:6,ValidatorRegistry.constructor
DA:25,6
BRDA:25,0,0,-
DA:26,6
DA:27,6
DA:30,9
FN:30,ValidatorRegistry.approveValidator
FNDA:9,ValidatorRegistry.approveValidator
DA:31,9
BRDA:31,1,0,-
DA:32,9
DA:33,9
DA:36,0
FN:36,ValidatorRegistry.removeValidator
FNDA:0,ValidatorRegistry.removeValidator
DA:37,0
DA:38,0
DA:41,8
FN:41,ValidatorRegistry.isValidator
FNDA:8,ValidatorRegistry.isValidator
DA:42,8
FNF:4
FNH:3
LF:13
LH:10
BRF:2
BRH:0
end_of_record
TN:
SF:script/Deploy.s.sol
DA:15,0
FN:15,Deploy.run
FNDA:0,Deploy.run
DA:16,0
DA:17,0
DA:18,0
DA:19,0
DA:21,0
DA:23,0
DA:24,0
DA:25,0
DA:27,0
DA:28,0
DA:29,0
DA:31,0
DA:32,0
DA:34,0
DA:36,0
DA:37,0
DA:38,0
DA:39,0
DA:40,0
FNF:1
FNH:0
LF:20
LH:0
BRF:0
BRH:0
end_of_record
